#! /c/Source/iverilog-install/bin/vvp
:ivl_version "12.0 (devel)" "(s20150603-1539-g2693dd32b)";
:ivl_delay_selection "TYPICAL";
:vpi_time_precision + 0;
:vpi_module "C:\iverilog\lib\ivl\system.vpi";
:vpi_module "C:\iverilog\lib\ivl\vhdl_sys.vpi";
:vpi_module "C:\iverilog\lib\ivl\vhdl_textio.vpi";
:vpi_module "C:\iverilog\lib\ivl\v2005_math.vpi";
:vpi_module "C:\iverilog\lib\ivl\va_math.vpi";
:vpi_module "C:\iverilog\lib\ivl\v2009.vpi";
S_0000020a45f4dbd0 .scope package, "$unit" "$unit" 2 1;
 .timescale 0 0;
S_0000020a45f0c7f0 .scope module, "tb_tim" "tb_tim" 3 2;
 .timescale 0 0;
v0000020a45fbeef0_0 .var "auto_reload_preload", 0 0;
v0000020a45fbe950_0 .var "clk", 0 0;
v0000020a45fbdeb0_0 .var "counter_mode", 1 0;
v0000020a45fbd190_0 .var "counter_period", 15 0;
v0000020a45fbe8b0_0 .net "out_1", 0 0, L_0000020a45f46f10;  1 drivers
v0000020a45fbe1d0_0 .net "out_2", 0 0, L_0000020a45fbec70;  1 drivers
v0000020a45fbdc30_0 .var "prescaler", 15 0;
v0000020a45fbe630_0 .var "pulse", 15 0;
v0000020a45fbe9f0_0 .var "rst", 0 0;
E_0000020a45f49da0 .event posedge, v0000020a45f4ba70_0;
S_0000020a45f0c980 .scope module, "tim" "tim" 3 27, 4 23 0, S_0000020a45f0c7f0;
 .timescale 0 0;
    .port_info 0 /INPUT 1 "clk";
    .port_info 1 /INPUT 1 "rst";
    .port_info 2 /INPUT 16 "prescaler";
    .port_info 3 /INPUT 2 "counter_mode";
    .port_info 4 /INPUT 16 "counter_period";
    .port_info 5 /INPUT 16 "pulse";
    .port_info 6 /INPUT 1 "auto_reload_preload";
    .port_info 7 /OUTPUT 1 "out_p_1";
    .port_info 8 /OUTPUT 1 "out_n_1";
    .port_info 9 /OUTPUT 16 "out_counter";
L_0000020a45f47530 .functor AND 1, L_0000020a45fbd9b0, L_0000020a45fbe590, C4<1>, C4<1>;
L_0000020a45f478b0 .functor AND 1, L_0000020a45fbdff0, L_0000020a45fbd050, C4<1>, C4<1>;
L_0000020a45f47b50 .functor OR 1, L_0000020a45f47530, L_0000020a45f478b0, C4<0>, C4<0>;
L_0000020a45f47760 .functor BUFZ 16, v0000020a45fbc720_0, C4<0000000000000000>, C4<0000000000000000>, C4<0000000000000000>;
L_0000020a45f46f10 .functor NOT 1, L_0000020a45fbec70, C4<0>, C4<0>, C4<0>;
L_0000020a45fbf018 .functor BUFT 1, C4<00>, C4<0>, C4<0>, C4<0>;
v0000020a45fbc180_0 .net/2u *"_ivl_0", 1 0, L_0000020a45fbf018;  1 drivers
v0000020a45fbc040_0 .net *"_ivl_10", 0 0, L_0000020a45fbdff0;  1 drivers
v0000020a45fbc7c0_0 .net *"_ivl_12", 31 0, L_0000020a45fbe270;  1 drivers
L_0000020a45fbf0a8 .functor BUFT 1, C4<0000000000000000>, C4<0>, C4<0>, C4<0>;
v0000020a45fbc860_0 .net *"_ivl_15", 15 0, L_0000020a45fbf0a8;  1 drivers
L_0000020a45fbf0f0 .functor BUFT 1, C4<00000000000000000000000000000000>, C4<0>, C4<0>, C4<0>;
v0000020a45fbc5e0_0 .net/2u *"_ivl_16", 31 0, L_0000020a45fbf0f0;  1 drivers
v0000020a45fbc0e0_0 .net *"_ivl_18", 0 0, L_0000020a45fbd050;  1 drivers
v0000020a45fbc900_0 .net *"_ivl_2", 0 0, L_0000020a45fbd9b0;  1 drivers
v0000020a45fbc220_0 .net *"_ivl_21", 0 0, L_0000020a45f478b0;  1 drivers
v0000020a45fbccc0_0 .net *"_ivl_4", 0 0, L_0000020a45fbe590;  1 drivers
v0000020a45fbc360_0 .net *"_ivl_7", 0 0, L_0000020a45f47530;  1 drivers
L_0000020a45fbf060 .functor BUFT 1, C4<01>, C4<0>, C4<0>, C4<0>;
v0000020a45fbc400_0 .net/2u *"_ivl_8", 1 0, L_0000020a45fbf060;  1 drivers
v0000020a45fbc4a0_0 .net "auto_reload_preload", 0 0, v0000020a45fbeef0_0;  1 drivers
v0000020a45fbcf40_0 .net "clk", 0 0, v0000020a45fbe950_0;  1 drivers
v0000020a45fbc2c0_0 .net "counter_mode", 1 0, v0000020a45fbdeb0_0;  1 drivers
v0000020a45fbc540_0 .net "counter_period", 15 0, v0000020a45fbd190_0;  1 drivers
v0000020a45fbc680_0 .var "counter_period_tim", 15 0;
v0000020a45fbc720_0 .var "counter_tim", 15 0;
v0000020a45fbc9a0_0 .var "direction", 0 0;
v0000020a45fbcc20_0 .net "enable", 0 0, L_0000020a45fbd4b0;  1 drivers
v0000020a45fbcb80_0 .net "load", 0 0, L_0000020a45f47b50;  1 drivers
v0000020a45fbca40_0 .net "out_counter", 15 0, L_0000020a45f47760;  1 drivers
v0000020a45fbcae0_0 .net "out_n_1", 0 0, L_0000020a45fbec70;  alias, 1 drivers
v0000020a45fbcd60_0 .net "out_p_1", 0 0, L_0000020a45f46f10;  alias, 1 drivers
v0000020a45fbce00_0 .net "prescaler", 15 0, v0000020a45fbdc30_0;  1 drivers
v0000020a45fbcea0_0 .net "pulse", 15 0, v0000020a45fbe630_0;  1 drivers
v0000020a45fbde10_0 .net "rst", 0 0, v0000020a45fbe9f0_0;  1 drivers
L_0000020a45fbd9b0 .cmp/eq 2, v0000020a45fbdeb0_0, L_0000020a45fbf018;
L_0000020a45fbe590 .cmp/eq 16, v0000020a45fbc720_0, v0000020a45fbc680_0;
L_0000020a45fbdff0 .cmp/eq 2, v0000020a45fbdeb0_0, L_0000020a45fbf060;
L_0000020a45fbe270 .concat [ 16 16 0 0], v0000020a45fbc720_0, L_0000020a45fbf0a8;
L_0000020a45fbd050 .cmp/eq 32, L_0000020a45fbe270, L_0000020a45fbf0f0;
L_0000020a45fbec70 .cmp/ge 16, v0000020a45fbc720_0, v0000020a45fbe630_0;
S_0000020a45f61790 .scope module, "div_tim" "div_clk" 4 41, 4 2 0, S_0000020a45f0c980;
 .timescale 0 0;
    .port_info 0 /INPUT 1 "clk";
    .port_info 1 /INPUT 1 "rst";
    .port_info 2 /INPUT 16 "prescaler";
    .port_info 3 /OUTPUT 1 "clk_pre";
v0000020a45f4ba70_0 .net "clk", 0 0, v0000020a45fbe950_0;  alias, 1 drivers
v0000020a45f0cb10_0 .net "clk_pre", 0 0, L_0000020a45fbd4b0;  alias, 1 drivers
v0000020a45f0cbb0_0 .var "counter", 15 0;
v0000020a45f61920_0 .net "prescaler", 15 0, v0000020a45fbdc30_0;  alias, 1 drivers
v0000020a45f619c0_0 .net "rst", 0 0, v0000020a45fbe9f0_0;  alias, 1 drivers
E_0000020a45f49660 .event posedge, v0000020a45f619c0_0, v0000020a45f4ba70_0;
L_0000020a45fbd4b0 .cmp/eq 16, v0000020a45f0cbb0_0, v0000020a45fbdc30_0;
    .scope S_0000020a45f61790;
T_0 ;
    %pushi/vec4 0, 0, 16;
    %store/vec4 v0000020a45f0cbb0_0, 0, 16;
    %end;
    .thread T_0, $init;
    .scope S_0000020a45f61790;
T_1 ;
    %wait E_0000020a45f49660;
    %load/vec4 v0000020a45f619c0_0;
    %flag_set/vec4 8;
    %jmp/0xz  T_1.0, 8;
    %pushi/vec4 0, 0, 16;
    %assign/vec4 v0000020a45f0cbb0_0, 0;
    %jmp T_1.1;
T_1.0 ;
    %load/vec4 v0000020a45f61920_0;
    %load/vec4 v0000020a45f0cbb0_0;
    %cmp/e;
    %jmp/0xz  T_1.2, 4;
    %pushi/vec4 0, 0, 16;
    %assign/vec4 v0000020a45f0cbb0_0, 0;
    %jmp T_1.3;
T_1.2 ;
    %load/vec4 v0000020a45f0cbb0_0;
    %addi 1, 0, 16;
    %assign/vec4 v0000020a45f0cbb0_0, 0;
T_1.3 ;
T_1.1 ;
    %jmp T_1;
    .thread T_1;
    .scope S_0000020a45f0c980;
T_2 ;
    %pushi/vec4 0, 0, 16;
    %store/vec4 v0000020a45fbc720_0, 0, 16;
    %pushi/vec4 0, 0, 16;
    %store/vec4 v0000020a45fbc680_0, 0, 16;
    %end;
    .thread T_2, $init;
    .scope S_0000020a45f0c980;
T_3 ;
    %wait E_0000020a45f49660;
    %load/vec4 v0000020a45fbde10_0;
    %flag_set/vec4 8;
    %jmp/0xz  T_3.0, 8;
    %pushi/vec4 0, 0, 16;
    %assign/vec4 v0000020a45fbc720_0, 0;
    %pushi/vec4 0, 0, 1;
    %assign/vec4 v0000020a45fbc9a0_0, 0;
    %load/vec4 v0000020a45fbc540_0;
    %assign/vec4 v0000020a45fbc680_0, 0;
    %jmp T_3.1;
T_3.0 ;
    %load/vec4 v0000020a45fbcc20_0;
    %flag_set/vec4 8;
    %jmp/0xz  T_3.2, 8;
    %load/vec4 v0000020a45fbc4a0_0;
    %inv;
    %flag_set/vec4 8;
    %jmp/0xz  T_3.4, 8;
    %load/vec4 v0000020a45fbc540_0;
    %assign/vec4 v0000020a45fbc680_0, 0;
    %jmp T_3.5;
T_3.4 ;
    %load/vec4 v0000020a45fbcb80_0;
    %flag_set/vec4 8;
    %jmp/0xz  T_3.6, 8;
    %load/vec4 v0000020a45fbc540_0;
    %assign/vec4 v0000020a45fbc680_0, 0;
T_3.6 ;
T_3.5 ;
    %load/vec4 v0000020a45fbc2c0_0;
    %dup/vec4;
    %pushi/vec4 0, 0, 2;
    %cmp/u;
    %jmp/1 T_3.8, 6;
    %dup/vec4;
    %pushi/vec4 1, 0, 2;
    %cmp/u;
    %jmp/1 T_3.9, 6;
    %dup/vec4;
    %pushi/vec4 2, 0, 2;
    %cmp/u;
    %jmp/1 T_3.10, 6;
    %jmp T_3.11;
T_3.8 ;
    %load/vec4 v0000020a45fbcb80_0;
    %flag_set/vec4 8;
    %jmp/0xz  T_3.12, 8;
    %pushi/vec4 0, 0, 16;
    %assign/vec4 v0000020a45fbc720_0, 0;
    %jmp T_3.13;
T_3.12 ;
    %load/vec4 v0000020a45fbc720_0;
    %addi 1, 0, 16;
    %assign/vec4 v0000020a45fbc720_0, 0;
T_3.13 ;
    %jmp T_3.11;
T_3.9 ;
    %load/vec4 v0000020a45fbcb80_0;
    %flag_set/vec4 8;
    %jmp/0xz  T_3.14, 8;
    %load/vec4 v0000020a45fbc680_0;
    %assign/vec4 v0000020a45fbc720_0, 0;
    %jmp T_3.15;
T_3.14 ;
    %load/vec4 v0000020a45fbc720_0;
    %subi 1, 0, 16;
    %assign/vec4 v0000020a45fbc720_0, 0;
T_3.15 ;
    %jmp T_3.11;
T_3.10 ;
    %load/vec4 v0000020a45fbc9a0_0;
    %pad/u 32;
    %cmpi/e 0, 0, 32;
    %jmp/0xz  T_3.16, 4;
    %load/vec4 v0000020a45fbc720_0;
    %load/vec4 v0000020a45fbc680_0;
    %cmp/e;
    %jmp/0xz  T_3.18, 4;
    %pushi/vec4 1, 0, 1;
    %assign/vec4 v0000020a45fbc9a0_0, 0;
    %load/vec4 v0000020a45fbc720_0;
    %subi 1, 0, 16;
    %assign/vec4 v0000020a45fbc720_0, 0;
    %jmp T_3.19;
T_3.18 ;
    %load/vec4 v0000020a45fbc720_0;
    %addi 1, 0, 16;
    %assign/vec4 v0000020a45fbc720_0, 0;
T_3.19 ;
    %jmp T_3.17;
T_3.16 ;
    %load/vec4 v0000020a45fbc720_0;
    %pad/u 32;
    %cmpi/e 0, 0, 32;
    %jmp/0xz  T_3.20, 4;
    %pushi/vec4 0, 0, 1;
    %assign/vec4 v0000020a45fbc9a0_0, 0;
    %load/vec4 v0000020a45fbc720_0;
    %addi 1, 0, 16;
    %assign/vec4 v0000020a45fbc720_0, 0;
    %jmp T_3.21;
T_3.20 ;
    %load/vec4 v0000020a45fbc720_0;
    %subi 1, 0, 16;
    %assign/vec4 v0000020a45fbc720_0, 0;
T_3.21 ;
T_3.17 ;
    %jmp T_3.11;
T_3.11 ;
    %pop/vec4 1;
T_3.2 ;
T_3.1 ;
    %jmp T_3;
    .thread T_3;
    .scope S_0000020a45f0c7f0;
T_4 ;
    %pushi/vec4 0, 0, 1;
    %store/vec4 v0000020a45fbe950_0, 0, 1;
T_4.0 ;
    %delay 5, 0;
    %load/vec4 v0000020a45fbe950_0;
    %inv;
    %store/vec4 v0000020a45fbe950_0, 0, 1;
    %jmp T_4.0;
    %end;
    .thread T_4;
    .scope S_0000020a45f0c7f0;
T_5 ;
    %pushi/vec4 1, 1, 1;
    %assign/vec4 v0000020a45fbe9f0_0, 0;
    %pushi/vec4 2, 0, 32;
T_5.0 %dup/vec4;
    %pushi/vec4 0, 0, 32;
    %cmp/s;
    %jmp/1xz T_5.1, 5;
    %jmp/1 T_5.1, 4;
    %pushi/vec4 1, 0, 32;
    %sub;
    %wait E_0000020a45f49da0;
    %jmp T_5.0;
T_5.1 ;
    %pop/vec4 1;
    %pushi/vec4 1, 0, 1;
    %assign/vec4 v0000020a45fbe9f0_0, 0;
    %pushi/vec4 2, 0, 32;
T_5.2 %dup/vec4;
    %pushi/vec4 0, 0, 32;
    %cmp/s;
    %jmp/1xz T_5.3, 5;
    %jmp/1 T_5.3, 4;
    %pushi/vec4 1, 0, 32;
    %sub;
    %wait E_0000020a45f49da0;
    %jmp T_5.2;
T_5.3 ;
    %pop/vec4 1;
    %pushi/vec4 0, 0, 1;
    %assign/vec4 v0000020a45fbe9f0_0, 0;
    %end;
    .thread T_5;
    .scope S_0000020a45f0c7f0;
T_6 ;
    %vpi_call/w 3 66 "$dumpvars" {0 0 0};
    %pushi/vec4 2, 0, 16;
    %assign/vec4 v0000020a45fbdc30_0, 0;
    %pushi/vec4 0, 0, 1;
    %assign/vec4 v0000020a45fbeef0_0, 0;
    %pushi/vec4 0, 0, 2;
    %assign/vec4 v0000020a45fbdeb0_0, 0;
    %pushi/vec4 10, 0, 16;
    %assign/vec4 v0000020a45fbd190_0, 0;
    %pushi/vec4 5, 0, 16;
    %assign/vec4 v0000020a45fbe630_0, 0;
    %delay 1010, 0;
    %pushi/vec4 1, 0, 1;
    %assign/vec4 v0000020a45fbe9f0_0, 0;
    %pushi/vec4 1, 0, 2;
    %assign/vec4 v0000020a45fbdeb0_0, 0;
    %delay 5, 0;
    %pushi/vec4 0, 0, 1;
    %assign/vec4 v0000020a45fbe9f0_0, 0;
    %delay 1000, 0;
    %pushi/vec4 1, 0, 1;
    %assign/vec4 v0000020a45fbe9f0_0, 0;
    %pushi/vec4 2, 0, 2;
    %assign/vec4 v0000020a45fbdeb0_0, 0;
    %pushi/vec4 0, 0, 1;
    %assign/vec4 v0000020a45fbeef0_0, 0;
    %delay 5, 0;
    %pushi/vec4 0, 0, 1;
    %assign/vec4 v0000020a45fbe9f0_0, 0;
    %delay 500, 0;
    %pushi/vec4 15, 0, 16;
    %assign/vec4 v0000020a45fbd190_0, 0;
    %delay 500, 0;
    %vpi_call/w 3 88 "$finish" {0 0 0};
    %end;
    .thread T_6;
# The file index is used to find the file name in the following table.
:file_names 5;
    "N/A";
    "<interactive>";
    "-";
    "tb_tim.sv";
    "tim.sv";
