GowinSynthesis start
Running parser ...
Analyzing Verilog file 'D:\GitHub\askorv32\hw\src\core.sv'
Analyzing Verilog file 'D:\GitHub\askorv32\hw\src\gwlib\bsram.v'
Analyzing Verilog file 'D:\GitHub\askorv32\hw\src\mem.sv'
Analyzing Verilog file 'D:\GitHub\askorv32\hw\src\top.sv'
Analyzing Verilog file 'C:\Gowin\Gowin_V1.9.10_x64\IDE\data\ipcores\GAO\GW_AO_0\gw_ao_crc32.v'
Analyzing Verilog file 'C:\Gowin\Gowin_V1.9.10_x64\IDE\data\ipcores\GAO\GW_AO_0\gw_ao_match.v'
Analyzing included file 'C:\Gowin\Gowin_V1.9.10_x64\IDE\data\ipcores\GAO\GW_AO_0\gw_ao_define.v'("C:\Gowin\Gowin_V1.9.10_x64\IDE\data\ipcores\GAO\GW_AO_0\gw_ao_match.v":374)
Back to file 'C:\Gowin\Gowin_V1.9.10_x64\IDE\data\ipcores\GAO\GW_AO_0\gw_ao_match.v'("C:\Gowin\Gowin_V1.9.10_x64\IDE\data\ipcores\GAO\GW_AO_0\gw_ao_match.v":374)
Analyzing included file 'D:\GitHub\askorv32\hw\impl\gwsynthesis\RTL_GAO\ao_0\gw_ao_top_define.v'("C:\Gowin\Gowin_V1.9.10_x64\IDE\data\ipcores\GAO\GW_AO_0\gw_ao_match.v":374)
Back to file 'C:\Gowin\Gowin_V1.9.10_x64\IDE\data\ipcores\GAO\GW_AO_0\gw_ao_match.v'("C:\Gowin\Gowin_V1.9.10_x64\IDE\data\ipcores\GAO\GW_AO_0\gw_ao_match.v":374)
Analyzing included file 'D:\GitHub\askorv32\hw\impl\gwsynthesis\RTL_GAO\ao_0\gw_ao_init.v'("C:\Gowin\Gowin_V1.9.10_x64\IDE\data\ipcores\GAO\GW_AO_0\gw_ao_match.v":374)
Back to file 'C:\Gowin\Gowin_V1.9.10_x64\IDE\data\ipcores\GAO\GW_AO_0\gw_ao_match.v'("C:\Gowin\Gowin_V1.9.10_x64\IDE\data\ipcores\GAO\GW_AO_0\gw_ao_match.v":374)
Analyzing Verilog file 'C:\Gowin\Gowin_V1.9.10_x64\IDE\data\ipcores\GAO\GW_AO_0\gw_ao_mem_ctrl.v'
Analyzing included file 'D:\GitHub\askorv32\hw\impl\gwsynthesis\RTL_GAO\ao_0\gw_ao_top_define.v'("C:\Gowin\Gowin_V1.9.10_x64\IDE\data\ipcores\GAO\GW_AO_0\gw_ao_mem_ctrl.v":1256)
Back to file 'C:\Gowin\Gowin_V1.9.10_x64\IDE\data\ipcores\GAO\GW_AO_0\gw_ao_mem_ctrl.v'("C:\Gowin\Gowin_V1.9.10_x64\IDE\data\ipcores\GAO\GW_AO_0\gw_ao_mem_ctrl.v":1256)
Analyzing Verilog file 'C:\Gowin\Gowin_V1.9.10_x64\IDE\data\ipcores\GAO\GW_AO_0\gw_ao_top.v'
Analyzing included file 'C:\Gowin\Gowin_V1.9.10_x64\IDE\data\ipcores\GAO\GW_AO_0\gw_ao_define.v'("C:\Gowin\Gowin_V1.9.10_x64\IDE\data\ipcores\GAO\GW_AO_0\gw_ao_top.v":3042)
Back to file 'C:\Gowin\Gowin_V1.9.10_x64\IDE\data\ipcores\GAO\GW_AO_0\gw_ao_top.v'("C:\Gowin\Gowin_V1.9.10_x64\IDE\data\ipcores\GAO\GW_AO_0\gw_ao_top.v":3042)
Analyzing included file 'D:\GitHub\askorv32\hw\impl\gwsynthesis\RTL_GAO\ao_0\gw_ao_top_define.v'("C:\Gowin\Gowin_V1.9.10_x64\IDE\data\ipcores\GAO\GW_AO_0\gw_ao_top.v":3042)
Back to file 'C:\Gowin\Gowin_V1.9.10_x64\IDE\data\ipcores\GAO\GW_AO_0\gw_ao_top.v'("C:\Gowin\Gowin_V1.9.10_x64\IDE\data\ipcores\GAO\GW_AO_0\gw_ao_top.v":3042)
Analyzing included file 'D:\GitHub\askorv32\hw\impl\gwsynthesis\RTL_GAO\ao_0\gw_ao_expression.v'("C:\Gowin\Gowin_V1.9.10_x64\IDE\data\ipcores\GAO\GW_AO_0\gw_ao_top.v":3042)
Back to file 'C:\Gowin\Gowin_V1.9.10_x64\IDE\data\ipcores\GAO\GW_AO_0\gw_ao_top.v'("C:\Gowin\Gowin_V1.9.10_x64\IDE\data\ipcores\GAO\GW_AO_0\gw_ao_top.v":3042)
Analyzing included file 'D:\GitHub\askorv32\hw\impl\gwsynthesis\RTL_GAO\ao_0\gw_ao_parameter.v'("C:\Gowin\Gowin_V1.9.10_x64\IDE\data\ipcores\GAO\GW_AO_0\gw_ao_top.v":3042)
Back to file 'C:\Gowin\Gowin_V1.9.10_x64\IDE\data\ipcores\GAO\GW_AO_0\gw_ao_top.v'("C:\Gowin\Gowin_V1.9.10_x64\IDE\data\ipcores\GAO\GW_AO_0\gw_ao_top.v":3042)
Analyzing included file 'D:\GitHub\askorv32\hw\impl\gwsynthesis\RTL_GAO\ao_0\gw_ao_init.v'("C:\Gowin\Gowin_V1.9.10_x64\IDE\data\ipcores\GAO\GW_AO_0\gw_ao_top.v":3042)
Back to file 'C:\Gowin\Gowin_V1.9.10_x64\IDE\data\ipcores\GAO\GW_AO_0\gw_ao_top.v'("C:\Gowin\Gowin_V1.9.10_x64\IDE\data\ipcores\GAO\GW_AO_0\gw_ao_top.v":3042)
Analyzing Verilog file 'C:\Gowin\Gowin_V1.9.10_x64\IDE\data\ipcores\GAO\GW_CON\gw_con_top.v'
Analyzing included file 'D:\GitHub\askorv32\hw\impl\gwsynthesis\RTL_GAO\ao_control\gw_con_top_define.v'("C:\Gowin\Gowin_V1.9.10_x64\IDE\data\ipcores\GAO\GW_CON\gw_con_top.v":377)
Back to file 'C:\Gowin\Gowin_V1.9.10_x64\IDE\data\ipcores\GAO\GW_CON\gw_con_top.v'("C:\Gowin\Gowin_V1.9.10_x64\IDE\data\ipcores\GAO\GW_CON\gw_con_top.v":377)
Analyzing included file 'D:\GitHub\askorv32\hw\impl\gwsynthesis\RTL_GAO\ao_control\gw_con_parameter.v'("C:\Gowin\Gowin_V1.9.10_x64\IDE\data\ipcores\GAO\GW_CON\gw_con_top.v":377)
Back to file 'C:\Gowin\Gowin_V1.9.10_x64\IDE\data\ipcores\GAO\GW_CON\gw_con_top.v'("C:\Gowin\Gowin_V1.9.10_x64\IDE\data\ipcores\GAO\GW_CON\gw_con_top.v":377)
Analyzing Verilog file 'C:\Gowin\Gowin_V1.9.10_x64\IDE\data\ipcores\gw_jtag.v'
Analyzing Verilog file 'D:\GitHub\askorv32\hw\impl\gwsynthesis\RTL_GAO\gw_gao_top.v'
Compiling module 'top'("D:\GitHub\askorv32\hw\src\top.sv":1)
Compiling module 'core'("D:\GitHub\askorv32\hw\src\core.sv":1)
Compiling module 'bsram8k'("D:\GitHub\askorv32\hw\src\gwlib\bsram.v":10)
Compiling module 'dmem'("D:\GitHub\askorv32\hw\src\mem.sv":35)
Compiling module 'gw_gao'("D:\GitHub\askorv32\hw\impl\gwsynthesis\RTL_GAO\gw_gao_top.v":1)
Compiling module 'GW_JTAG'("C:\Gowin\Gowin_V1.9.10_x64\IDE\data\ipcores\gw_jtag.v":1)
Compiling module '**'("C:\Gowin\Gowin_V1.9.10_x64\IDE\data\ipcores\GAO\GW_CON\gw_con_top.v":377)
Compiling module '**'("C:\Gowin\Gowin_V1.9.10_x64\IDE\data\ipcores\GAO\GW_AO_0\gw_ao_top.v":3042)
Compiling module '**'("C:\Gowin\Gowin_V1.9.10_x64\IDE\data\ipcores\GAO\GW_AO_0\gw_ao_mem_ctrl.v":1256)
Extracting RAM for identifier '**'("C:\Gowin\Gowin_V1.9.10_x64\IDE\data\ipcores\GAO\GW_AO_0\gw_ao_mem_ctrl.v":1256)
Compiling module '**'("C:\Gowin\Gowin_V1.9.10_x64\IDE\data\ipcores\GAO\GW_AO_0\gw_ao_crc32.v":74)
Compiling module '**'("C:\Gowin\Gowin_V1.9.10_x64\IDE\data\ipcores\GAO\GW_AO_0\gw_ao_match.v":374)
Trying to combine GAO to RTL design
NOTE  (EX0101) : Current top module is "top"
[5%] Running netlist conversion ...
Running device independent optimization ...
[10%] Optimizing Phase 0 completed
[15%] Optimizing Phase 1 completed
[25%] Optimizing Phase 2 completed
Running inference ...
[30%] Inferring Phase 0 completed
[40%] Inferring Phase 1 completed
[50%] Inferring Phase 2 completed
[55%] Inferring Phase 3 completed
Running technical mapping ...
[60%] Tech-Mapping Phase 0 completed
[65%] Tech-Mapping Phase 1 completed
[75%] Tech-Mapping Phase 2 completed
[80%] Tech-Mapping Phase 3 completed
[90%] Tech-Mapping Phase 4 completed
[95%] Generate netlist file "D:\GitHub\askorv32\hw\impl\gwsynthesis\riscv.vg" completed
[100%] Generate report file "D:\GitHub\askorv32\hw\impl\gwsynthesis\riscv_syn.rpt.html" completed
GowinSynthesis finish
